<?xml version="1.0" encoding="UTF-8"?>
<beans xmlns="http://www.springframework.org/schema/beans"
	xmlns:xsi="http://www.w3.org/2001/XMLSchema-instance" xmlns:p="http://www.springframework.org/schema/p"
	xsi:schemaLocation="http://www.springframework.org/schema/beans  
     http://www.springframework.org/schema/beans/spring-beans-4.0.xsd">
     
     <bean id="applicationContextUtil" class="com.dk.dxx.utils.ApplicationContextUtil"/>
     
     <bean id="localQuartzScheduler" class="org.springframework.scheduling.quartz.SchedulerFactoryBean"></bean>
     
     <!-- Quartz集群Scheduler -->  
	<bean id="clusterQuartzScheduler" class="org.springframework.scheduling.quartz.SchedulerFactoryBean">  
	   <!-- quartz配置文件路径-->
	<property name="configLocation" value="classpath:quartz.properties"/>  
	<!-- 启动时延期3秒开始任务 -->  
	<property name="startupDelay" value="3"/>  
	<!-- 保存Job数据到数据库所需的数据源 -->  
<!-- 	<property name="dataSource" ref="dataSource"/>   -->
	<!-- Job接受applicationContext的成员变量名 -->  
	<property name="applicationContextSchedulerContextKey" value="applicationContext"/>  
	<property name="overwriteExistingJobs" value="true"/></bean> 
	
	
	<!-- 工作的bean -->
	<bean id="testInvokeImpl" class="com.dk.dxx.TestInvokeImpl" />
	
</beans>