<?xml version="1.0" encoding="UTF-8"?>
<beans xmlns="http://www.springframework.org/schema/beans"
	xmlns:xsi="http://www.w3.org/2001/XMLSchema-instance" xmlns:p="http://www.springframework.org/schema/p"
	xsi:schemaLocation="http://www.springframework.org/schema/beans  
     http://www.springframework.org/schema/beans/spring-beans-4.0.xsd">
     
     
	<!--spring的quartz的任务调度， 启动触发器的配置开始 -->
	<bean name="startQuertz" lazy-init="false" autowire="no"
		class="org.springframework.scheduling.quartz.SchedulerFactoryBean">
		<property name="triggers">
			<list>
				<!-- quartz-2.x的配置 -->
				<bean id="myJobTrigger"
					class="org.springframework.scheduling.quartz.CronTriggerFactoryBean">
					<property name="jobDetail">
						<!-- job的配置开始 -->
						<bean id="myJobDetail"
							class="org.springframework.scheduling.quartz.MethodInvokingJobDetailFactoryBean">
							<!-- 引用具体的bean -->
							<property name="targetObject" ref="testInvokeImpl" />
							<!-- 引用bean中具体的方法 -->
							<property name="targetMethod" value="testInvoke" />
						</bean>
						<!-- job的配置结束 -->
					</property>
					<property name="cronExpression">
						<!--  -->
						<value>0/5 * * * * ?</value>
					</property>
				</bean>
				<!-- 调度的配置结束 -->
			</list>
		</property>
	</bean>
	<!-- 启动触发器的配置结束 -->

	
	<!-- 工作的bean -->
	<bean id="testInvokeImpl" class="com.dk.dxx.TestInvokeImpl" />
</beans>